<?xml version="1.0" encoding="UTF-8"?>
<!-- Generated by org.testng.reporters.JUnitXMLReporter -->
<testsuite ignored="0" hostname="DESKTOP-09N65F0" failures="0" tests="1" name="Test-Runner-Edge" time="26.421" errors="0" timestamp="2024-03-17T13:33:54 IST">
  <testcase classname="contactTests_TestNG.CreateNewContactWithLeadSourceTestWithAssertions" name="createContactWithLeadSource" time="14.994"/>
</testsuite> <!-- Test-Runner-Edge -->
