<?xml version="1.0" encoding="UTF-8"?>
<!-- Generated by org.testng.reporters.JUnitXMLReporter -->
<testsuite ignored="0" hostname="DESKTOP-09N65F0" failures="0" tests="1" name="Test-Runner-3" time="48.27" errors="0" timestamp="2024-03-08T11:26:10 IST">
  <testcase classname="contactTests_TestNG.CreateNewContactWithLeadSourceTest" name="createContactWithLeadSource" time="48.205"/>
</testsuite> <!-- Test-Runner-3 -->
