<?xml version="1.0" encoding="UTF-8"?>
<!-- Generated by org.testng.reporters.JUnitXMLReporter -->
<testsuite ignored="0" hostname="DESKTOP-09N65F0" failures="0" tests="1" name="Test-Runner-1" time="46.445" errors="0" timestamp="2024-03-08T11:26:08 IST">
  <testcase classname="contactTests_TestNG.CreateNewContactTestWithBaseClass" name="createNewContactWithMandatoryFields" time="27.582"/>
</testsuite> <!-- Test-Runner-1 -->
