<?xml version="1.0" encoding="UTF-8"?>
<!-- Generated by org.testng.reporters.JUnitXMLReporter -->
<testsuite ignored="0" hostname="DESKTOP-09N65F0" failures="0" tests="1" name="Test-Runner-2" time="47.088" errors="0" timestamp="2024-03-08T11:26:09 IST">
  <testcase classname="contactTests_TestNG.CreateNewContactWithLeadSourceTest" name="createContactWithLeadSource" time="47.026"/>
</testsuite> <!-- Test-Runner-2 -->
