<?xml version="1.0" encoding="UTF-8"?>
<!-- Generated by org.testng.reporters.JUnitXMLReporter -->
<testsuite ignored="0" hostname="DESKTOP-09N65F0" failures="0" tests="1" name="Test-Runner-Chrome" time="26.09" errors="0" timestamp="2024-03-17T13:33:54 IST">
  <testcase classname="contactTests_TestNG.CreateNewContactTestWithAssertions" name="createNewContactWithMandatoryFields" time="14.962"/>
</testsuite> <!-- Test-Runner-Chrome -->
