<?xml version="1.0" encoding="UTF-8"?>
<!-- Generated by org.testng.reporters.JUnitReportReporter -->
<testsuite hostname="DESKTOP-09N65F0" failures="0" tests="1" name="contactTests_TestNG.CreateNewContactWithLeadSourceTestWithBaseClass" time="11.441" errors="0" timestamp="2024-03-11T09:20:48 IST" skipped="0">
  <testcase classname="contactTests_TestNG.CreateNewContactWithLeadSourceTestWithBaseClass" name="createContactWithLeadSource" time="11.441"/>
  <system-out/>
</testsuite> <!-- contactTests_TestNG.CreateNewContactWithLeadSourceTestWithBaseClass -->
