<?xml version="1.0" encoding="UTF-8"?>
<!-- Generated by org.testng.reporters.JUnitReportReporter -->
<testsuite hostname="DESKTOP-09N65F0" failures="0" tests="1" name="contactTests_TestNG.CreateNewContactTestWithBaseClass" time="11.358" errors="0" timestamp="2024-03-11T09:23:13 IST" skipped="0">
  <testcase classname="contactTests_TestNG.CreateNewContactTestWithBaseClass" name="createNewContactWithMandatoryFields" time="11.358"/>
  <system-out/>
</testsuite> <!-- contactTests_TestNG.CreateNewContactTestWithBaseClass -->
