<?xml version="1.0" encoding="UTF-8"?>
<!-- Generated by org.testng.reporters.JUnitReportReporter -->
<testsuite hostname="DESKTOP-09N65F0" failures="0" tests="1" name="contactTests_TestNG.CreateNewContactWithListeners" time="18.868" errors="0" timestamp="2024-03-21T15:42:58 IST" skipped="0">
  <testcase classname="contactTests_TestNG.CreateNewContactWithListeners" name="createNewContactWithMandatoryFields" time="18.868"/>
  <system-out/>
</testsuite> <!-- contactTests_TestNG.CreateNewContactWithListeners -->
