<?xml version="1.0" encoding="UTF-8"?>
<!-- Generated by org.testng.reporters.JUnitReportReporter -->
<testsuite hostname="DESKTOP-09N65F0" failures="0" tests="1" name="contactTests_TestNG.CreateNewContactWithListeners" time="31.867" errors="0" timestamp="2024-03-21T08:28:32 IST" skipped="0">
  <testcase classname="contactTests_TestNG.CreateNewContactWithListeners" name="createNewContactWithMandatoryFields" time="31.867"/>
  <system-out/>
</testsuite> <!-- contactTests_TestNG.CreateNewContactWithListeners -->
