<?xml version="1.0" encoding="UTF-8"?>
<!-- Generated by org.testng.reporters.JUnitReportReporter -->
<testsuite hostname="DESKTOP-09N65F0" failures="0" tests="1" name="practice.Trail_1" time="20.247" errors="0" timestamp="2024-03-15T09:38:07 IST" skipped="0">
  <testcase classname="practice.Trail_1" name="CreateContactWithLeadSource" time="20.247"/>
  <system-out/>
</testsuite> <!-- practice.Trail_1 -->
