<?xml version="1.0" encoding="UTF-8"?>
<!-- Generated by org.testng.reporters.JUnitReportReporter -->
<testsuite hostname="DESKTOP-09N65F0" failures="0" tests="1" name="contactTests_TestNG.CreateNewContactTestWithAssertions" time="21.740" errors="0" timestamp="2024-03-17T13:33:54 IST" skipped="0">
  <testcase classname="contactTests_TestNG.CreateNewContactTestWithAssertions" name="createNewContactWithMandatoryFields" time="21.740"/>
  <system-out/>
</testsuite> <!-- contactTests_TestNG.CreateNewContactTestWithAssertions -->
